<?xml version="1.0" encoding="utf-8"?>
<TestRun id="81335e37-b76b-4b15-9af1-1a41d4cfd3b4" name="VasanthR@VASANTHR 2025-05-10 06:18:13" runUser="AzureAD\VasanthR" xmlns="http://microsoft.com/schemas/VisualStudio/TeamTest/2010">
  <Times creation="2025-05-10T06:18:13.9432024+05:30" queuing="2025-05-10T06:18:13.9432028+05:30" start="2025-05-10T06:18:12.2520905+05:30" finish="2025-05-10T06:18:14.0182645+05:30" />
  <TestSettings name="default" id="168c3a9d-fc05-4699-8dd4-c8f148fcdb16">
    <Deployment runDeploymentRoot="VasanthR_VASANTHR_2025-05-10_06_18_13" />
  </TestSettings>
  <Results>
    <UnitTestResult executionId="efef94b5-8d47-407f-a9bf-5e5102785f9e" testId="f86f2735-dd3e-3435-a860-e77e061c8f9d" testName="ProductService.Tests.ProductControllerTests.GetProduct_WithInvalidId_ReturnsNotFound" computerName="VASANTHR" duration="00:00:00.0000852" startTime="2025-05-10T06:18:13.8986411+05:30" endTime="2025-05-10T06:18:13.8986411+05:30" testType="13cdc9d9-ddb5-4fa4-a97d-d965ccfc6d4b" outcome="Passed" testListId="8c84fa94-04c1-424b-9868-57a2d4851a1d" relativeResultsDirectory="efef94b5-8d47-407f-a9bf-5e5102785f9e" />
    <UnitTestResult executionId="5e8fa856-0916-4867-86c8-9281eb3bd500" testId="ef66a314-4681-3d55-64bc-5692fd272973" testName="ProductService.Tests.ProductControllerTests.DeleteProduct_WithZeroQuantity_ReturnsNoContent" computerName="VASANTHR" duration="00:00:00.0124783" startTime="2025-05-10T06:18:13.7984280+05:30" endTime="2025-05-10T06:18:13.7984282+05:30" testType="13cdc9d9-ddb5-4fa4-a97d-d965ccfc6d4b" outcome="Passed" testListId="8c84fa94-04c1-424b-9868-57a2d4851a1d" relativeResultsDirectory="5e8fa856-0916-4867-86c8-9281eb3bd500" />
    <UnitTestResult executionId="5150b45e-abe3-458d-a303-2c3eb4997834" testId="7ba45035-79bd-16f4-74ac-17fa1d09fe5a" testName="ProductService.Tests.UnitTest1.Test1" computerName="VASANTHR" duration="00:00:00.0026553" startTime="2025-05-10T06:18:13.7924525+05:30" endTime="2025-05-10T06:18:13.7924839+05:30" testType="13cdc9d9-ddb5-4fa4-a97d-d965ccfc6d4b" outcome="Passed" testListId="8c84fa94-04c1-424b-9868-57a2d4851a1d" relativeResultsDirectory="5150b45e-abe3-458d-a303-2c3eb4997834" />
    <UnitTestResult executionId="1a00eb92-ccc9-4cd3-868a-7fcbac50d6d5" testId="8feb0b4d-5a82-5afd-1107-d63d9dc179bf" testName="ProductService.Tests.ProductControllerTests.GetProducts_ReturnsAllProducts" computerName="VASANTHR" duration="00:00:00.0005534" startTime="2025-05-10T06:18:13.8913106+05:30" endTime="2025-05-10T06:18:13.8913108+05:30" testType="13cdc9d9-ddb5-4fa4-a97d-d965ccfc6d4b" outcome="Passed" testListId="8c84fa94-04c1-424b-9868-57a2d4851a1d" relativeResultsDirectory="1a00eb92-ccc9-4cd3-868a-7fcbac50d6d5" />
    <UnitTestResult executionId="e28bc048-04db-4b78-80a5-3d31d2a291b2" testId="d339cedd-68da-4101-e7f4-6bc4bfdc4e0f" testName="ProductService.Tests.Controllers.ProductsControllerTests.CreateProduct_ReturnsBadRequest_WhenModelStateIsInvalid" computerName="VASANTHR" duration="00:00:00.0002160" startTime="2025-05-10T06:18:13.8991457+05:30" endTime="2025-05-10T06:18:13.8991458+05:30" testType="13cdc9d9-ddb5-4fa4-a97d-d965ccfc6d4b" outcome="Passed" testListId="8c84fa94-04c1-424b-9868-57a2d4851a1d" relativeResultsDirectory="e28bc048-04db-4b78-80a5-3d31d2a291b2" />
    <UnitTestResult executionId="a60b459f-82b4-4efc-baad-4c5c62ccac20" testId="79afbd8f-22f6-8c5d-7f30-1e533100a1e6" testName="ProductService.Tests.ProductControllerTests.DeleteProduct_WithInvalidId_ReturnsNotFound" computerName="VASANTHR" duration="00:00:00.0001071" startTime="2025-05-10T06:18:13.8923722+05:30" endTime="2025-05-10T06:18:13.8923723+05:30" testType="13cdc9d9-ddb5-4fa4-a97d-d965ccfc6d4b" outcome="Passed" testListId="8c84fa94-04c1-424b-9868-57a2d4851a1d" relativeResultsDirectory="a60b459f-82b4-4efc-baad-4c5c62ccac20" />
    <UnitTestResult executionId="623606e7-b204-4680-a993-2be1463eaefb" testId="95382e67-d8fa-fbad-c5da-795bb89dbd25" testName="ProductService.Tests.Controllers.ProductsControllerTests.GetProducts_ReturnsFilteredProducts_WhenCategorySpecified" computerName="VASANTHR" duration="00:00:00.0118351" startTime="2025-05-10T06:18:13.8989892+05:30" endTime="2025-05-10T06:18:13.8989893+05:30" testType="13cdc9d9-ddb5-4fa4-a97d-d965ccfc6d4b" outcome="Passed" testListId="8c84fa94-04c1-424b-9868-57a2d4851a1d" relativeResultsDirectory="623606e7-b204-4680-a993-2be1463eaefb" />
    <UnitTestResult executionId="4b3fef99-feca-4eb2-887a-c5f64a5c3464" testId="790b2a5a-9011-e335-f998-1da21c3be9d0" testName="ProductService.Tests.ProductControllerTests.CreateProduct_WithValidProduct_ReturnsCreatedProduct" computerName="VASANTHR" duration="00:00:00.0002813" startTime="2025-05-10T06:18:13.8922805+05:30" endTime="2025-05-10T06:18:13.8922807+05:30" testType="13cdc9d9-ddb5-4fa4-a97d-d965ccfc6d4b" outcome="Passed" testListId="8c84fa94-04c1-424b-9868-57a2d4851a1d" relativeResultsDirectory="4b3fef99-feca-4eb2-887a-c5f64a5c3464" />
    <UnitTestResult executionId="920c1429-eb45-47ea-89ea-38e203d4d91b" testId="8248562f-77cb-6154-c3d6-4e518259ef73" testName="ProductService.Tests.ProductControllerTests.CreateProduct_WithInvalidModel_ReturnsBadRequest" computerName="VASANTHR" duration="00:00:00.0001837" startTime="2025-05-10T06:18:13.8988647+05:30" endTime="2025-05-10T06:18:13.8988647+05:30" testType="13cdc9d9-ddb5-4fa4-a97d-d965ccfc6d4b" outcome="Passed" testListId="8c84fa94-04c1-424b-9868-57a2d4851a1d" relativeResultsDirectory="920c1429-eb45-47ea-89ea-38e203d4d91b" />
    <UnitTestResult executionId="f0a69819-1a20-48f0-aacc-2d17d7b6f90a" testId="c4a438f4-a58a-6dfb-c568-ee05419d5030" testName="ProductService.Tests.ProductControllerTests.GetProducts_WithCategory_ReturnsFilteredProducts" computerName="VASANTHR" duration="00:00:00.0102618" startTime="2025-05-10T06:18:13.8088090+05:30" endTime="2025-05-10T06:18:13.8088093+05:30" testType="13cdc9d9-ddb5-4fa4-a97d-d965ccfc6d4b" outcome="Passed" testListId="8c84fa94-04c1-424b-9868-57a2d4851a1d" relativeResultsDirectory="f0a69819-1a20-48f0-aacc-2d17d7b6f90a" />
    <UnitTestResult executionId="b09f9d39-c979-4053-baff-915a2244f3ff" testId="09cd9270-2e3c-6e94-eaf2-b0c5393c3f70" testName="ProductService.Tests.ProductControllerTests.GetProducts_WithNonExistentCategory_ReturnsEmptyList" computerName="VASANTHR" duration="00:00:00.0002650" startTime="2025-05-10T06:18:13.8924418+05:30" endTime="2025-05-10T06:18:13.8924419+05:30" testType="13cdc9d9-ddb5-4fa4-a97d-d965ccfc6d4b" outcome="Passed" testListId="8c84fa94-04c1-424b-9868-57a2d4851a1d" relativeResultsDirectory="b09f9d39-c979-4053-baff-915a2244f3ff" />
    <UnitTestResult executionId="f37f9480-79a3-4931-b4e1-66dc505a8127" testId="a6694a5a-d182-1cde-3421-7a3324bc5a30" testName="ProductService.Tests.ProductControllerTests.CreateProduct_WithDuplicateName_ReturnsBadRequest" computerName="VASANTHR" duration="00:00:00.0052574" startTime="2025-05-10T06:18:13.7989152+05:30" endTime="2025-05-10T06:18:13.7989153+05:30" testType="13cdc9d9-ddb5-4fa4-a97d-d965ccfc6d4b" outcome="Passed" testListId="8c84fa94-04c1-424b-9868-57a2d4851a1d" relativeResultsDirectory="f37f9480-79a3-4931-b4e1-66dc505a8127" />
    <UnitTestResult executionId="281fa61a-5ff8-402f-b053-4289f00ad868" testId="b77f82c4-6a90-3105-0ff7-18add29fdff4" testName="ProductService.Tests.Controllers.ProductsControllerTests.CreateProduct_ReturnsBadRequest_WhenDuplicateNameExists" computerName="VASANTHR" duration="00:00:00.0031663" startTime="2025-05-10T06:18:13.8999697+05:30" endTime="2025-05-10T06:18:13.8999697+05:30" testType="13cdc9d9-ddb5-4fa4-a97d-d965ccfc6d4b" outcome="Passed" testListId="8c84fa94-04c1-424b-9868-57a2d4851a1d" relativeResultsDirectory="281fa61a-5ff8-402f-b053-4289f00ad868" />
    <UnitTestResult executionId="1794cd7f-e982-405b-b3c5-090f563ec243" testId="d03b6127-33c4-9b9a-3968-453da4585a41" testName="ProductService.Tests.Controllers.ProductsControllerTests.UpdateProduct_ReturnsNotFound_WhenProductDoesNotExist" computerName="VASANTHR" duration="00:00:00.0001539" startTime="2025-05-10T06:18:13.8926393+05:30" endTime="2025-05-10T06:18:13.8926394+05:30" testType="13cdc9d9-ddb5-4fa4-a97d-d965ccfc6d4b" outcome="Passed" testListId="8c84fa94-04c1-424b-9868-57a2d4851a1d" relativeResultsDirectory="1794cd7f-e982-405b-b3c5-090f563ec243" />
    <UnitTestResult executionId="40832777-81a8-484a-a2b9-87618bf9e9b7" testId="79d09c62-d7ac-4b81-09c2-f1ab18ffd82f" testName="ProductService.Tests.ProductControllerTests.CreateProduct_WithMaxLengthName_ReturnsCreatedProduct" computerName="VASANTHR" duration="00:00:00.0164829" startTime="2025-05-10T06:18:13.8254118+05:30" endTime="2025-05-10T06:18:13.8254122+05:30" testType="13cdc9d9-ddb5-4fa4-a97d-d965ccfc6d4b" outcome="Passed" testListId="8c84fa94-04c1-424b-9868-57a2d4851a1d" relativeResultsDirectory="40832777-81a8-484a-a2b9-87618bf9e9b7" />
    <UnitTestResult executionId="e0f24278-000e-4ae2-bb40-c4455f216238" testId="4c3f1e30-4149-02a5-516c-46c9ba596352" testName="ProductService.Tests.ProductControllerTests.GetProducts_WithEmptyCategory_ReturnsAllProducts" computerName="VASANTHR" duration="00:00:00.0002808" startTime="2025-05-10T06:18:13.8927902+05:30" endTime="2025-05-10T06:18:13.8927903+05:30" testType="13cdc9d9-ddb5-4fa4-a97d-d965ccfc6d4b" outcome="Passed" testListId="8c84fa94-04c1-424b-9868-57a2d4851a1d" relativeResultsDirectory="e0f24278-000e-4ae2-bb40-c4455f216238" />
    <UnitTestResult executionId="26e0bc2c-982e-4ab3-8d46-4e32b9b94752" testId="1e0a7d96-3912-8733-ff69-c3a81c950f06" testName="ProductService.Tests.ProductControllerTests.UpdateProduct_WithInvalidId_ReturnsNotFound" computerName="VASANTHR" duration="00:00:00.0001066" startTime="2025-05-10T06:18:13.8987136+05:30" endTime="2025-05-10T06:18:13.8987137+05:30" testType="13cdc9d9-ddb5-4fa4-a97d-d965ccfc6d4b" outcome="Passed" testListId="8c84fa94-04c1-424b-9868-57a2d4851a1d" relativeResultsDirectory="26e0bc2c-982e-4ab3-8d46-4e32b9b94752" />
    <UnitTestResult executionId="dd730c08-20d9-4e9e-b689-4190f595372e" testId="06de2d53-9cb4-f98f-0cc2-addc4280c49f" testName="ProductService.Tests.Controllers.ProductsControllerTests.CreateProduct_ReturnsCreatedAtAction_WhenProductIsValid" computerName="VASANTHR" duration="00:00:00.0002439" startTime="2025-05-10T06:18:13.8990715+05:30" endTime="2025-05-10T06:18:13.8990716+05:30" testType="13cdc9d9-ddb5-4fa4-a97d-d965ccfc6d4b" outcome="Passed" testListId="8c84fa94-04c1-424b-9868-57a2d4851a1d" relativeResultsDirectory="dd730c08-20d9-4e9e-b689-4190f595372e" />
    <UnitTestResult executionId="be182840-878d-44d2-b204-89b6f3f7693f" testId="b54cec49-e5c2-8ce3-089b-bb5b54d7315e" testName="ProductService.Tests.Controllers.ProductsControllerTests.GetProducts_ReturnsAllProducts_WhenNoCategorySpecified" computerName="VASANTHR" duration="00:00:00.0001404" startTime="2025-05-10T06:18:13.8997910+05:30" endTime="2025-05-10T06:18:13.8997910+05:30" testType="13cdc9d9-ddb5-4fa4-a97d-d965ccfc6d4b" outcome="Passed" testListId="8c84fa94-04c1-424b-9868-57a2d4851a1d" relativeResultsDirectory="be182840-878d-44d2-b204-89b6f3f7693f" />
    <UnitTestResult executionId="e5fc4e44-23e2-4114-a0c9-5767653d01ac" testId="5238d55b-89e8-b009-f806-40f89903a70b" testName="ProductService.Tests.Controllers.ProductsControllerTests.GetProducts_ReturnsAllProducts_WhenCategoryIsEmptyOrWhitespace(category: &quot; &quot;)" computerName="VASANTHR" duration="00:00:00.0002008" startTime="2025-05-10T06:18:13.9001247+05:30" endTime="2025-05-10T06:18:13.9001248+05:30" testType="13cdc9d9-ddb5-4fa4-a97d-d965ccfc6d4b" outcome="Passed" testListId="8c84fa94-04c1-424b-9868-57a2d4851a1d" relativeResultsDirectory="e5fc4e44-23e2-4114-a0c9-5767653d01ac" />
    <UnitTestResult executionId="56e04b01-552a-42d9-aea5-6f678b4099f6" testId="5ebdecd8-a419-492f-149e-2e452213504e" testName="ProductService.Tests.ProductControllerTests.UpdateProduct_WithZeroPrice_ReturnsBadRequest" computerName="VASANTHR" duration="00:00:00.0002030" startTime="2025-05-10T06:18:13.8985520+05:30" endTime="2025-05-10T06:18:13.8985521+05:30" testType="13cdc9d9-ddb5-4fa4-a97d-d965ccfc6d4b" outcome="Passed" testListId="8c84fa94-04c1-424b-9868-57a2d4851a1d" relativeResultsDirectory="56e04b01-552a-42d9-aea5-6f678b4099f6" />
    <UnitTestResult executionId="295f2618-9bc9-419c-b994-07bc234f261e" testId="4fa5bf36-639b-d069-1db6-507ebc1074ee" testName="ProductService.Tests.Models.ProductTests.Product_InvalidName_FailsValidation(name: &quot;&quot;, expectedError: &quot;The Name field is required.&quot;)" computerName="VASANTHR" duration="00:00:00.0360044" startTime="2025-05-10T06:18:13.8203325+05:30" endTime="2025-05-10T06:18:13.8203328+05:30" testType="13cdc9d9-ddb5-4fa4-a97d-d965ccfc6d4b" outcome="Passed" testListId="8c84fa94-04c1-424b-9868-57a2d4851a1d" relativeResultsDirectory="295f2618-9bc9-419c-b994-07bc234f261e" />
    <UnitTestResult executionId="01979f16-6077-4936-b1d1-1cbb110a6fb8" testId="18429e6a-3116-7f30-f63e-2c24b08d4a8c" testName="ProductService.Tests.Models.ProductTests.Product_InvalidName_FailsValidation(name: &quot;ThisNameIsTooLongThisNameIsTooLongThisNameIsTooLon&quot;···, expectedError: &quot;The field Name must be a string with a maximum len&quot;···)" computerName="VASANTHR" duration="00:00:00.0011773" startTime="2025-05-10T06:18:13.8219661+05:30" endTime="2025-05-10T06:18:13.8219664+05:30" testType="13cdc9d9-ddb5-4fa4-a97d-d965ccfc6d4b" outcome="Passed" testListId="8c84fa94-04c1-424b-9868-57a2d4851a1d" relativeResultsDirectory="01979f16-6077-4936-b1d1-1cbb110a6fb8" />
    <UnitTestResult executionId="a24f1030-0c65-4783-b1b8-da3600b0ed5f" testId="54ff0c92-63be-e506-3de9-de1691597714" testName="ProductService.Tests.ProductControllerTests.DeleteProduct_WithValidId_ReturnsNoContent" computerName="VASANTHR" duration="00:00:00.0000885" startTime="2025-05-10T06:18:13.8989345+05:30" endTime="2025-05-10T06:18:13.8989346+05:30" testType="13cdc9d9-ddb5-4fa4-a97d-d965ccfc6d4b" outcome="Passed" testListId="8c84fa94-04c1-424b-9868-57a2d4851a1d" relativeResultsDirectory="a24f1030-0c65-4783-b1b8-da3600b0ed5f" />
    <UnitTestResult executionId="cbcaf04d-4154-47f1-88ba-4df4e6011711" testId="65cceebb-d3c7-e353-9e46-ee91ee3ec831" testName="ProductService.Tests.Controllers.ProductsControllerTests.UpdateProduct_ReturnsBadRequest_WhenIdMismatch" computerName="VASANTHR" duration="00:00:00.0023098" startTime="2025-05-10T06:18:13.9002022+05:30" endTime="2025-05-10T06:18:13.9002023+05:30" testType="13cdc9d9-ddb5-4fa4-a97d-d965ccfc6d4b" outcome="Passed" testListId="8c84fa94-04c1-424b-9868-57a2d4851a1d" relativeResultsDirectory="cbcaf04d-4154-47f1-88ba-4df4e6011711" />
    <UnitTestResult executionId="e34f6bc4-4c19-4b95-895f-615eeb8a6d8d" testId="1a3a73ba-843f-cf9e-b169-6cfe53309603" testName="ProductService.Tests.Controllers.ProductsControllerTests.GetProducts_ReturnsAllProducts_WhenCategoryIsEmptyOrWhitespace(category: &quot;&quot;)" computerName="VASANTHR" duration="00:00:00.0002123" startTime="2025-05-10T06:18:13.9000579+05:30" endTime="2025-05-10T06:18:13.9000580+05:30" testType="13cdc9d9-ddb5-4fa4-a97d-d965ccfc6d4b" outcome="Passed" testListId="8c84fa94-04c1-424b-9868-57a2d4851a1d" relativeResultsDirectory="e34f6bc4-4c19-4b95-895f-615eeb8a6d8d" />
    <UnitTestResult executionId="6f786e31-d20a-4b35-8dde-cda5c47a0fc5" testId="8a789a73-308e-d975-baf5-f0e916cf99f2" testName="ProductService.Tests.Controllers.ProductsControllerTests.GetProduct_WithValidId_ReturnsProduct" computerName="VASANTHR" duration="00:00:00.0002793" startTime="2025-05-10T06:18:13.8998955+05:30" endTime="2025-05-10T06:18:13.8998956+05:30" testType="13cdc9d9-ddb5-4fa4-a97d-d965ccfc6d4b" outcome="Passed" testListId="8c84fa94-04c1-424b-9868-57a2d4851a1d" relativeResultsDirectory="6f786e31-d20a-4b35-8dde-cda5c47a0fc5" />
    <UnitTestResult executionId="9df6ddac-d216-49f1-a422-8ad08d575b4d" testId="37754a0d-4b89-6bc0-6709-95744e900a47" testName="ProductService.Tests.ProductControllerTests.UpdateProduct_WithValidId_ReturnsNoContent" computerName="VASANTHR" duration="00:00:00.0092217" startTime="2025-05-10T06:18:13.8927166+05:30" endTime="2025-05-10T06:18:13.8927167+05:30" testType="13cdc9d9-ddb5-4fa4-a97d-d965ccfc6d4b" outcome="Passed" testListId="8c84fa94-04c1-424b-9868-57a2d4851a1d" relativeResultsDirectory="9df6ddac-d216-49f1-a422-8ad08d575b4d" />
    <UnitTestResult executionId="f54fad97-68c0-4f09-9779-8b815cd90222" testId="f16cb45e-42ed-e444-f390-355b251c7ee4" testName="ProductService.Tests.Models.ProductTests.Product_ValidData_PassesValidation" computerName="VASANTHR" duration="00:00:00.0016045" startTime="2025-05-10T06:18:13.8236843+05:30" endTime="2025-05-10T06:18:13.8236847+05:30" testType="13cdc9d9-ddb5-4fa4-a97d-d965ccfc6d4b" outcome="Passed" testListId="8c84fa94-04c1-424b-9868-57a2d4851a1d" relativeResultsDirectory="f54fad97-68c0-4f09-9779-8b815cd90222" />
    <UnitTestResult executionId="7ec47ee8-5625-4bdb-9fd9-632f274e3951" testId="7456852b-4238-e035-a78d-2b6a06b9ccd5" testName="ProductService.Tests.ProductControllerTests.UpdateProduct_WithInvalidQuantity_ReturnsBadRequest" computerName="VASANTHR" duration="00:00:00.0001893" startTime="2025-05-10T06:18:13.8987906+05:30" endTime="2025-05-10T06:18:13.8987907+05:30" testType="13cdc9d9-ddb5-4fa4-a97d-d965ccfc6d4b" outcome="Passed" testListId="8c84fa94-04c1-424b-9868-57a2d4851a1d" relativeResultsDirectory="7ec47ee8-5625-4bdb-9fd9-632f274e3951" />
    <UnitTestResult executionId="daadcf42-eb51-457e-a4b5-e0b034e9b035" testId="6695035d-fac7-ab29-60db-0fe995148af5" testName="ProductService.Tests.Controllers.ProductsControllerTests.DeleteProduct_ReturnsNoContent_WhenProductExists" computerName="VASANTHR" duration="00:00:00.0536808" startTime="2025-05-10T06:18:13.8925610+05:30" endTime="2025-05-10T06:18:13.8925611+05:30" testType="13cdc9d9-ddb5-4fa4-a97d-d965ccfc6d4b" outcome="Passed" testListId="8c84fa94-04c1-424b-9868-57a2d4851a1d" relativeResultsDirectory="daadcf42-eb51-457e-a4b5-e0b034e9b035" />
  </Results>
  <TestDefinitions>
    <UnitTest name="ProductService.Tests.Controllers.ProductsControllerTests.GetProducts_ReturnsAllProducts_WhenCategoryIsEmptyOrWhitespace(category: &quot; &quot;)" storage="e:\@microservicesaws\productservice.tests\bin\release\net8.0\productservice.tests.dll" id="5238d55b-89e8-b009-f806-40f89903a70b">
      <Execution id="e5fc4e44-23e2-4114-a0c9-5767653d01ac" />
      <TestMethod codeBase="E:\@MicroservicesAws\ProductService.Tests\bin\Release\net8.0\ProductService.Tests.dll" adapterTypeName="executor://xunit/VsTestRunner2/netcoreapp" className="ProductService.Tests.Controllers.ProductsControllerTests" name="GetProducts_ReturnsAllProducts_WhenCategoryIsEmptyOrWhitespace" />
    </UnitTest>
    <UnitTest name="ProductService.Tests.ProductControllerTests.GetProducts_WithNonExistentCategory_ReturnsEmptyList" storage="e:\@microservicesaws\productservice.tests\bin\release\net8.0\productservice.tests.dll" id="09cd9270-2e3c-6e94-eaf2-b0c5393c3f70">
      <Execution id="b09f9d39-c979-4053-baff-915a2244f3ff" />
      <TestMethod codeBase="E:\@MicroservicesAws\ProductService.Tests\bin\Release\net8.0\ProductService.Tests.dll" adapterTypeName="executor://xunit/VsTestRunner2/netcoreapp" className="ProductService.Tests.ProductControllerTests" name="GetProducts_WithNonExistentCategory_ReturnsEmptyList" />
    </UnitTest>
    <UnitTest name="ProductService.Tests.Controllers.ProductsControllerTests.UpdateProduct_ReturnsNotFound_WhenProductDoesNotExist" storage="e:\@microservicesaws\productservice.tests\bin\release\net8.0\productservice.tests.dll" id="d03b6127-33c4-9b9a-3968-453da4585a41">
      <Execution id="1794cd7f-e982-405b-b3c5-090f563ec243" />
      <TestMethod codeBase="E:\@MicroservicesAws\ProductService.Tests\bin\Release\net8.0\ProductService.Tests.dll" adapterTypeName="executor://xunit/VsTestRunner2/netcoreapp" className="ProductService.Tests.Controllers.ProductsControllerTests" name="UpdateProduct_ReturnsNotFound_WhenProductDoesNotExist" />
    </UnitTest>
    <UnitTest name="ProductService.Tests.ProductControllerTests.CreateProduct_WithDuplicateName_ReturnsBadRequest" storage="e:\@microservicesaws\productservice.tests\bin\release\net8.0\productservice.tests.dll" id="a6694a5a-d182-1cde-3421-7a3324bc5a30">
      <Execution id="f37f9480-79a3-4931-b4e1-66dc505a8127" />
      <TestMethod codeBase="E:\@MicroservicesAws\ProductService.Tests\bin\Release\net8.0\ProductService.Tests.dll" adapterTypeName="executor://xunit/VsTestRunner2/netcoreapp" className="ProductService.Tests.ProductControllerTests" name="CreateProduct_WithDuplicateName_ReturnsBadRequest" />
    </UnitTest>
    <UnitTest name="ProductService.Tests.Models.ProductTests.Product_InvalidName_FailsValidation(name: &quot;&quot;, expectedError: &quot;The Name field is required.&quot;)" storage="e:\@microservicesaws\productservice.tests\bin\release\net8.0\productservice.tests.dll" id="4fa5bf36-639b-d069-1db6-507ebc1074ee">
      <Execution id="295f2618-9bc9-419c-b994-07bc234f261e" />
      <TestMethod codeBase="E:\@MicroservicesAws\ProductService.Tests\bin\Release\net8.0\ProductService.Tests.dll" adapterTypeName="executor://xunit/VsTestRunner2/netcoreapp" className="ProductService.Tests.Models.ProductTests" name="Product_InvalidName_FailsValidation" />
    </UnitTest>
    <UnitTest name="ProductService.Tests.ProductControllerTests.DeleteProduct_WithZeroQuantity_ReturnsNoContent" storage="e:\@microservicesaws\productservice.tests\bin\release\net8.0\productservice.tests.dll" id="ef66a314-4681-3d55-64bc-5692fd272973">
      <Execution id="5e8fa856-0916-4867-86c8-9281eb3bd500" />
      <TestMethod codeBase="E:\@MicroservicesAws\ProductService.Tests\bin\Release\net8.0\ProductService.Tests.dll" adapterTypeName="executor://xunit/VsTestRunner2/netcoreapp" className="ProductService.Tests.ProductControllerTests" name="DeleteProduct_WithZeroQuantity_ReturnsNoContent" />
    </UnitTest>
    <UnitTest name="ProductService.Tests.Controllers.ProductsControllerTests.GetProducts_ReturnsAllProducts_WhenCategoryIsEmptyOrWhitespace(category: &quot;&quot;)" storage="e:\@microservicesaws\productservice.tests\bin\release\net8.0\productservice.tests.dll" id="1a3a73ba-843f-cf9e-b169-6cfe53309603">
      <Execution id="e34f6bc4-4c19-4b95-895f-615eeb8a6d8d" />
      <TestMethod codeBase="E:\@MicroservicesAws\ProductService.Tests\bin\Release\net8.0\ProductService.Tests.dll" adapterTypeName="executor://xunit/VsTestRunner2/netcoreapp" className="ProductService.Tests.Controllers.ProductsControllerTests" name="GetProducts_ReturnsAllProducts_WhenCategoryIsEmptyOrWhitespace" />
    </UnitTest>
    <UnitTest name="ProductService.Tests.ProductControllerTests.CreateProduct_WithMaxLengthName_ReturnsCreatedProduct" storage="e:\@microservicesaws\productservice.tests\bin\release\net8.0\productservice.tests.dll" id="79d09c62-d7ac-4b81-09c2-f1ab18ffd82f">
      <Execution id="40832777-81a8-484a-a2b9-87618bf9e9b7" />
      <TestMethod codeBase="E:\@MicroservicesAws\ProductService.Tests\bin\Release\net8.0\ProductService.Tests.dll" adapterTypeName="executor://xunit/VsTestRunner2/netcoreapp" className="ProductService.Tests.ProductControllerTests" name="CreateProduct_WithMaxLengthName_ReturnsCreatedProduct" />
    </UnitTest>
    <UnitTest name="ProductService.Tests.ProductControllerTests.UpdateProduct_WithValidId_ReturnsNoContent" storage="e:\@microservicesaws\productservice.tests\bin\release\net8.0\productservice.tests.dll" id="37754a0d-4b89-6bc0-6709-95744e900a47">
      <Execution id="9df6ddac-d216-49f1-a422-8ad08d575b4d" />
      <TestMethod codeBase="E:\@MicroservicesAws\ProductService.Tests\bin\Release\net8.0\ProductService.Tests.dll" adapterTypeName="executor://xunit/VsTestRunner2/netcoreapp" className="ProductService.Tests.ProductControllerTests" name="UpdateProduct_WithValidId_ReturnsNoContent" />
    </UnitTest>
    <UnitTest name="ProductService.Tests.Models.ProductTests.Product_ValidData_PassesValidation" storage="e:\@microservicesaws\productservice.tests\bin\release\net8.0\productservice.tests.dll" id="f16cb45e-42ed-e444-f390-355b251c7ee4">
      <Execution id="f54fad97-68c0-4f09-9779-8b815cd90222" />
      <TestMethod codeBase="E:\@MicroservicesAws\ProductService.Tests\bin\Release\net8.0\ProductService.Tests.dll" adapterTypeName="executor://xunit/VsTestRunner2/netcoreapp" className="ProductService.Tests.Models.ProductTests" name="Product_ValidData_PassesValidation" />
    </UnitTest>
    <UnitTest name="ProductService.Tests.Controllers.ProductsControllerTests.GetProduct_WithValidId_ReturnsProduct" storage="e:\@microservicesaws\productservice.tests\bin\release\net8.0\productservice.tests.dll" id="8a789a73-308e-d975-baf5-f0e916cf99f2">
      <Execution id="6f786e31-d20a-4b35-8dde-cda5c47a0fc5" />
      <TestMethod codeBase="E:\@MicroservicesAws\ProductService.Tests\bin\Release\net8.0\ProductService.Tests.dll" adapterTypeName="executor://xunit/VsTestRunner2/netcoreapp" className="ProductService.Tests.Controllers.ProductsControllerTests" name="GetProduct_WithValidId_ReturnsProduct" />
    </UnitTest>
    <UnitTest name="ProductService.Tests.ProductControllerTests.UpdateProduct_WithInvalidQuantity_ReturnsBadRequest" storage="e:\@microservicesaws\productservice.tests\bin\release\net8.0\productservice.tests.dll" id="7456852b-4238-e035-a78d-2b6a06b9ccd5">
      <Execution id="7ec47ee8-5625-4bdb-9fd9-632f274e3951" />
      <TestMethod codeBase="E:\@MicroservicesAws\ProductService.Tests\bin\Release\net8.0\ProductService.Tests.dll" adapterTypeName="executor://xunit/VsTestRunner2/netcoreapp" className="ProductService.Tests.ProductControllerTests" name="UpdateProduct_WithInvalidQuantity_ReturnsBadRequest" />
    </UnitTest>
    <UnitTest name="ProductService.Tests.ProductControllerTests.GetProduct_WithInvalidId_ReturnsNotFound" storage="e:\@microservicesaws\productservice.tests\bin\release\net8.0\productservice.tests.dll" id="f86f2735-dd3e-3435-a860-e77e061c8f9d">
      <Execution id="efef94b5-8d47-407f-a9bf-5e5102785f9e" />
      <TestMethod codeBase="E:\@MicroservicesAws\ProductService.Tests\bin\Release\net8.0\ProductService.Tests.dll" adapterTypeName="executor://xunit/VsTestRunner2/netcoreapp" className="ProductService.Tests.ProductControllerTests" name="GetProduct_WithInvalidId_ReturnsNotFound" />
    </UnitTest>
    <UnitTest name="ProductService.Tests.Controllers.ProductsControllerTests.CreateProduct_ReturnsCreatedAtAction_WhenProductIsValid" storage="e:\@microservicesaws\productservice.tests\bin\release\net8.0\productservice.tests.dll" id="06de2d53-9cb4-f98f-0cc2-addc4280c49f">
      <Execution id="dd730c08-20d9-4e9e-b689-4190f595372e" />
      <TestMethod codeBase="E:\@MicroservicesAws\ProductService.Tests\bin\Release\net8.0\ProductService.Tests.dll" adapterTypeName="executor://xunit/VsTestRunner2/netcoreapp" className="ProductService.Tests.Controllers.ProductsControllerTests" name="CreateProduct_ReturnsCreatedAtAction_WhenProductIsValid" />
    </UnitTest>
    <UnitTest name="ProductService.Tests.Controllers.ProductsControllerTests.DeleteProduct_ReturnsNoContent_WhenProductExists" storage="e:\@microservicesaws\productservice.tests\bin\release\net8.0\productservice.tests.dll" id="6695035d-fac7-ab29-60db-0fe995148af5">
      <Execution id="daadcf42-eb51-457e-a4b5-e0b034e9b035" />
      <TestMethod codeBase="E:\@MicroservicesAws\ProductService.Tests\bin\Release\net8.0\ProductService.Tests.dll" adapterTypeName="executor://xunit/VsTestRunner2/netcoreapp" className="ProductService.Tests.Controllers.ProductsControllerTests" name="DeleteProduct_ReturnsNoContent_WhenProductExists" />
    </UnitTest>
    <UnitTest name="ProductService.Tests.Controllers.ProductsControllerTests.GetProducts_ReturnsFilteredProducts_WhenCategorySpecified" storage="e:\@microservicesaws\productservice.tests\bin\release\net8.0\productservice.tests.dll" id="95382e67-d8fa-fbad-c5da-795bb89dbd25">
      <Execution id="623606e7-b204-4680-a993-2be1463eaefb" />
      <TestMethod codeBase="E:\@MicroservicesAws\ProductService.Tests\bin\Release\net8.0\ProductService.Tests.dll" adapterTypeName="executor://xunit/VsTestRunner2/netcoreapp" className="ProductService.Tests.Controllers.ProductsControllerTests" name="GetProducts_ReturnsFilteredProducts_WhenCategorySpecified" />
    </UnitTest>
    <UnitTest name="ProductService.Tests.ProductControllerTests.GetProducts_ReturnsAllProducts" storage="e:\@microservicesaws\productservice.tests\bin\release\net8.0\productservice.tests.dll" id="8feb0b4d-5a82-5afd-1107-d63d9dc179bf">
      <Execution id="1a00eb92-ccc9-4cd3-868a-7fcbac50d6d5" />
      <TestMethod codeBase="E:\@MicroservicesAws\ProductService.Tests\bin\Release\net8.0\ProductService.Tests.dll" adapterTypeName="executor://xunit/VsTestRunner2/netcoreapp" className="ProductService.Tests.ProductControllerTests" name="GetProducts_ReturnsAllProducts" />
    </UnitTest>
    <UnitTest name="ProductService.Tests.ProductControllerTests.UpdateProduct_WithZeroPrice_ReturnsBadRequest" storage="e:\@microservicesaws\productservice.tests\bin\release\net8.0\productservice.tests.dll" id="5ebdecd8-a419-492f-149e-2e452213504e">
      <Execution id="56e04b01-552a-42d9-aea5-6f678b4099f6" />
      <TestMethod codeBase="E:\@MicroservicesAws\ProductService.Tests\bin\Release\net8.0\ProductService.Tests.dll" adapterTypeName="executor://xunit/VsTestRunner2/netcoreapp" className="ProductService.Tests.ProductControllerTests" name="UpdateProduct_WithZeroPrice_ReturnsBadRequest" />
    </UnitTest>
    <UnitTest name="ProductService.Tests.ProductControllerTests.DeleteProduct_WithInvalidId_ReturnsNotFound" storage="e:\@microservicesaws\productservice.tests\bin\release\net8.0\productservice.tests.dll" id="79afbd8f-22f6-8c5d-7f30-1e533100a1e6">
      <Execution id="a60b459f-82b4-4efc-baad-4c5c62ccac20" />
      <TestMethod codeBase="E:\@MicroservicesAws\ProductService.Tests\bin\Release\net8.0\ProductService.Tests.dll" adapterTypeName="executor://xunit/VsTestRunner2/netcoreapp" className="ProductService.Tests.ProductControllerTests" name="DeleteProduct_WithInvalidId_ReturnsNotFound" />
    </UnitTest>
    <UnitTest name="ProductService.Tests.ProductControllerTests.DeleteProduct_WithValidId_ReturnsNoContent" storage="e:\@microservicesaws\productservice.tests\bin\release\net8.0\productservice.tests.dll" id="54ff0c92-63be-e506-3de9-de1691597714">
      <Execution id="a24f1030-0c65-4783-b1b8-da3600b0ed5f" />
      <TestMethod codeBase="E:\@MicroservicesAws\ProductService.Tests\bin\Release\net8.0\ProductService.Tests.dll" adapterTypeName="executor://xunit/VsTestRunner2/netcoreapp" className="ProductService.Tests.ProductControllerTests" name="DeleteProduct_WithValidId_ReturnsNoContent" />
    </UnitTest>
    <UnitTest name="ProductService.Tests.Models.ProductTests.Product_InvalidName_FailsValidation(name: &quot;ThisNameIsTooLongThisNameIsTooLongThisNameIsTooLon&quot;···, expectedError: &quot;The field Name must be a string with a maximum len&quot;···)" storage="e:\@microservicesaws\productservice.tests\bin\release\net8.0\productservice.tests.dll" id="18429e6a-3116-7f30-f63e-2c24b08d4a8c">
      <Execution id="01979f16-6077-4936-b1d1-1cbb110a6fb8" />
      <TestMethod codeBase="E:\@MicroservicesAws\ProductService.Tests\bin\Release\net8.0\ProductService.Tests.dll" adapterTypeName="executor://xunit/VsTestRunner2/netcoreapp" className="ProductService.Tests.Models.ProductTests" name="Product_InvalidName_FailsValidation" />
    </UnitTest>
    <UnitTest name="ProductService.Tests.Controllers.ProductsControllerTests.CreateProduct_ReturnsBadRequest_WhenDuplicateNameExists" storage="e:\@microservicesaws\productservice.tests\bin\release\net8.0\productservice.tests.dll" id="b77f82c4-6a90-3105-0ff7-18add29fdff4">
      <Execution id="281fa61a-5ff8-402f-b053-4289f00ad868" />
      <TestMethod codeBase="E:\@MicroservicesAws\ProductService.Tests\bin\Release\net8.0\ProductService.Tests.dll" adapterTypeName="executor://xunit/VsTestRunner2/netcoreapp" className="ProductService.Tests.Controllers.ProductsControllerTests" name="CreateProduct_ReturnsBadRequest_WhenDuplicateNameExists" />
    </UnitTest>
    <UnitTest name="ProductService.Tests.ProductControllerTests.GetProducts_WithEmptyCategory_ReturnsAllProducts" storage="e:\@microservicesaws\productservice.tests\bin\release\net8.0\productservice.tests.dll" id="4c3f1e30-4149-02a5-516c-46c9ba596352">
      <Execution id="e0f24278-000e-4ae2-bb40-c4455f216238" />
      <TestMethod codeBase="E:\@MicroservicesAws\ProductService.Tests\bin\Release\net8.0\ProductService.Tests.dll" adapterTypeName="executor://xunit/VsTestRunner2/netcoreapp" className="ProductService.Tests.ProductControllerTests" name="GetProducts_WithEmptyCategory_ReturnsAllProducts" />
    </UnitTest>
    <UnitTest name="ProductService.Tests.Controllers.ProductsControllerTests.UpdateProduct_ReturnsBadRequest_WhenIdMismatch" storage="e:\@microservicesaws\productservice.tests\bin\release\net8.0\productservice.tests.dll" id="65cceebb-d3c7-e353-9e46-ee91ee3ec831">
      <Execution id="cbcaf04d-4154-47f1-88ba-4df4e6011711" />
      <TestMethod codeBase="E:\@MicroservicesAws\ProductService.Tests\bin\Release\net8.0\ProductService.Tests.dll" adapterTypeName="executor://xunit/VsTestRunner2/netcoreapp" className="ProductService.Tests.Controllers.ProductsControllerTests" name="UpdateProduct_ReturnsBadRequest_WhenIdMismatch" />
    </UnitTest>
    <UnitTest name="ProductService.Tests.ProductControllerTests.GetProducts_WithCategory_ReturnsFilteredProducts" storage="e:\@microservicesaws\productservice.tests\bin\release\net8.0\productservice.tests.dll" id="c4a438f4-a58a-6dfb-c568-ee05419d5030">
      <Execution id="f0a69819-1a20-48f0-aacc-2d17d7b6f90a" />
      <TestMethod codeBase="E:\@MicroservicesAws\ProductService.Tests\bin\Release\net8.0\ProductService.Tests.dll" adapterTypeName="executor://xunit/VsTestRunner2/netcoreapp" className="ProductService.Tests.ProductControllerTests" name="GetProducts_WithCategory_ReturnsFilteredProducts" />
    </UnitTest>
    <UnitTest name="ProductService.Tests.Controllers.ProductsControllerTests.GetProducts_ReturnsAllProducts_WhenNoCategorySpecified" storage="e:\@microservicesaws\productservice.tests\bin\release\net8.0\productservice.tests.dll" id="b54cec49-e5c2-8ce3-089b-bb5b54d7315e">
      <Execution id="be182840-878d-44d2-b204-89b6f3f7693f" />
      <TestMethod codeBase="E:\@MicroservicesAws\ProductService.Tests\bin\Release\net8.0\ProductService.Tests.dll" adapterTypeName="executor://xunit/VsTestRunner2/netcoreapp" className="ProductService.Tests.Controllers.ProductsControllerTests" name="GetProducts_ReturnsAllProducts_WhenNoCategorySpecified" />
    </UnitTest>
    <UnitTest name="ProductService.Tests.ProductControllerTests.CreateProduct_WithValidProduct_ReturnsCreatedProduct" storage="e:\@microservicesaws\productservice.tests\bin\release\net8.0\productservice.tests.dll" id="790b2a5a-9011-e335-f998-1da21c3be9d0">
      <Execution id="4b3fef99-feca-4eb2-887a-c5f64a5c3464" />
      <TestMethod codeBase="E:\@MicroservicesAws\ProductService.Tests\bin\Release\net8.0\ProductService.Tests.dll" adapterTypeName="executor://xunit/VsTestRunner2/netcoreapp" className="ProductService.Tests.ProductControllerTests" name="CreateProduct_WithValidProduct_ReturnsCreatedProduct" />
    </UnitTest>
    <UnitTest name="ProductService.Tests.Controllers.ProductsControllerTests.CreateProduct_ReturnsBadRequest_WhenModelStateIsInvalid" storage="e:\@microservicesaws\productservice.tests\bin\release\net8.0\productservice.tests.dll" id="d339cedd-68da-4101-e7f4-6bc4bfdc4e0f">
      <Execution id="e28bc048-04db-4b78-80a5-3d31d2a291b2" />
      <TestMethod codeBase="E:\@MicroservicesAws\ProductService.Tests\bin\Release\net8.0\ProductService.Tests.dll" adapterTypeName="executor://xunit/VsTestRunner2/netcoreapp" className="ProductService.Tests.Controllers.ProductsControllerTests" name="CreateProduct_ReturnsBadRequest_WhenModelStateIsInvalid" />
    </UnitTest>
    <UnitTest name="ProductService.Tests.UnitTest1.Test1" storage="e:\@microservicesaws\productservice.tests\bin\release\net8.0\productservice.tests.dll" id="7ba45035-79bd-16f4-74ac-17fa1d09fe5a">
      <Execution id="5150b45e-abe3-458d-a303-2c3eb4997834" />
      <TestMethod codeBase="E:\@MicroservicesAws\ProductService.Tests\bin\Release\net8.0\ProductService.Tests.dll" adapterTypeName="executor://xunit/VsTestRunner2/netcoreapp" className="ProductService.Tests.UnitTest1" name="Test1" />
    </UnitTest>
    <UnitTest name="ProductService.Tests.ProductControllerTests.CreateProduct_WithInvalidModel_ReturnsBadRequest" storage="e:\@microservicesaws\productservice.tests\bin\release\net8.0\productservice.tests.dll" id="8248562f-77cb-6154-c3d6-4e518259ef73">
      <Execution id="920c1429-eb45-47ea-89ea-38e203d4d91b" />
      <TestMethod codeBase="E:\@MicroservicesAws\ProductService.Tests\bin\Release\net8.0\ProductService.Tests.dll" adapterTypeName="executor://xunit/VsTestRunner2/netcoreapp" className="ProductService.Tests.ProductControllerTests" name="CreateProduct_WithInvalidModel_ReturnsBadRequest" />
    </UnitTest>
    <UnitTest name="ProductService.Tests.ProductControllerTests.UpdateProduct_WithInvalidId_ReturnsNotFound" storage="e:\@microservicesaws\productservice.tests\bin\release\net8.0\productservice.tests.dll" id="1e0a7d96-3912-8733-ff69-c3a81c950f06">
      <Execution id="26e0bc2c-982e-4ab3-8d46-4e32b9b94752" />
      <TestMethod codeBase="E:\@MicroservicesAws\ProductService.Tests\bin\Release\net8.0\ProductService.Tests.dll" adapterTypeName="executor://xunit/VsTestRunner2/netcoreapp" className="ProductService.Tests.ProductControllerTests" name="UpdateProduct_WithInvalidId_ReturnsNotFound" />
    </UnitTest>
  </TestDefinitions>
  <TestEntries>
    <TestEntry testId="f86f2735-dd3e-3435-a860-e77e061c8f9d" executionId="efef94b5-8d47-407f-a9bf-5e5102785f9e" testListId="8c84fa94-04c1-424b-9868-57a2d4851a1d" />
    <TestEntry testId="ef66a314-4681-3d55-64bc-5692fd272973" executionId="5e8fa856-0916-4867-86c8-9281eb3bd500" testListId="8c84fa94-04c1-424b-9868-57a2d4851a1d" />
    <TestEntry testId="7ba45035-79bd-16f4-74ac-17fa1d09fe5a" executionId="5150b45e-abe3-458d-a303-2c3eb4997834" testListId="8c84fa94-04c1-424b-9868-57a2d4851a1d" />
    <TestEntry testId="8feb0b4d-5a82-5afd-1107-d63d9dc179bf" executionId="1a00eb92-ccc9-4cd3-868a-7fcbac50d6d5" testListId="8c84fa94-04c1-424b-9868-57a2d4851a1d" />
    <TestEntry testId="d339cedd-68da-4101-e7f4-6bc4bfdc4e0f" executionId="e28bc048-04db-4b78-80a5-3d31d2a291b2" testListId="8c84fa94-04c1-424b-9868-57a2d4851a1d" />
    <TestEntry testId="79afbd8f-22f6-8c5d-7f30-1e533100a1e6" executionId="a60b459f-82b4-4efc-baad-4c5c62ccac20" testListId="8c84fa94-04c1-424b-9868-57a2d4851a1d" />
    <TestEntry testId="95382e67-d8fa-fbad-c5da-795bb89dbd25" executionId="623606e7-b204-4680-a993-2be1463eaefb" testListId="8c84fa94-04c1-424b-9868-57a2d4851a1d" />
    <TestEntry testId="790b2a5a-9011-e335-f998-1da21c3be9d0" executionId="4b3fef99-feca-4eb2-887a-c5f64a5c3464" testListId="8c84fa94-04c1-424b-9868-57a2d4851a1d" />
    <TestEntry testId="8248562f-77cb-6154-c3d6-4e518259ef73" executionId="920c1429-eb45-47ea-89ea-38e203d4d91b" testListId="8c84fa94-04c1-424b-9868-57a2d4851a1d" />
    <TestEntry testId="c4a438f4-a58a-6dfb-c568-ee05419d5030" executionId="f0a69819-1a20-48f0-aacc-2d17d7b6f90a" testListId="8c84fa94-04c1-424b-9868-57a2d4851a1d" />
    <TestEntry testId="09cd9270-2e3c-6e94-eaf2-b0c5393c3f70" executionId="b09f9d39-c979-4053-baff-915a2244f3ff" testListId="8c84fa94-04c1-424b-9868-57a2d4851a1d" />
    <TestEntry testId="a6694a5a-d182-1cde-3421-7a3324bc5a30" executionId="f37f9480-79a3-4931-b4e1-66dc505a8127" testListId="8c84fa94-04c1-424b-9868-57a2d4851a1d" />
    <TestEntry testId="b77f82c4-6a90-3105-0ff7-18add29fdff4" executionId="281fa61a-5ff8-402f-b053-4289f00ad868" testListId="8c84fa94-04c1-424b-9868-57a2d4851a1d" />
    <TestEntry testId="d03b6127-33c4-9b9a-3968-453da4585a41" executionId="1794cd7f-e982-405b-b3c5-090f563ec243" testListId="8c84fa94-04c1-424b-9868-57a2d4851a1d" />
    <TestEntry testId="79d09c62-d7ac-4b81-09c2-f1ab18ffd82f" executionId="40832777-81a8-484a-a2b9-87618bf9e9b7" testListId="8c84fa94-04c1-424b-9868-57a2d4851a1d" />
    <TestEntry testId="4c3f1e30-4149-02a5-516c-46c9ba596352" executionId="e0f24278-000e-4ae2-bb40-c4455f216238" testListId="8c84fa94-04c1-424b-9868-57a2d4851a1d" />
    <TestEntry testId="1e0a7d96-3912-8733-ff69-c3a81c950f06" executionId="26e0bc2c-982e-4ab3-8d46-4e32b9b94752" testListId="8c84fa94-04c1-424b-9868-57a2d4851a1d" />
    <TestEntry testId="06de2d53-9cb4-f98f-0cc2-addc4280c49f" executionId="dd730c08-20d9-4e9e-b689-4190f595372e" testListId="8c84fa94-04c1-424b-9868-57a2d4851a1d" />
    <TestEntry testId="b54cec49-e5c2-8ce3-089b-bb5b54d7315e" executionId="be182840-878d-44d2-b204-89b6f3f7693f" testListId="8c84fa94-04c1-424b-9868-57a2d4851a1d" />
    <TestEntry testId="5238d55b-89e8-b009-f806-40f89903a70b" executionId="e5fc4e44-23e2-4114-a0c9-5767653d01ac" testListId="8c84fa94-04c1-424b-9868-57a2d4851a1d" />
    <TestEntry testId="5ebdecd8-a419-492f-149e-2e452213504e" executionId="56e04b01-552a-42d9-aea5-6f678b4099f6" testListId="8c84fa94-04c1-424b-9868-57a2d4851a1d" />
    <TestEntry testId="4fa5bf36-639b-d069-1db6-507ebc1074ee" executionId="295f2618-9bc9-419c-b994-07bc234f261e" testListId="8c84fa94-04c1-424b-9868-57a2d4851a1d" />
    <TestEntry testId="18429e6a-3116-7f30-f63e-2c24b08d4a8c" executionId="01979f16-6077-4936-b1d1-1cbb110a6fb8" testListId="8c84fa94-04c1-424b-9868-57a2d4851a1d" />
    <TestEntry testId="54ff0c92-63be-e506-3de9-de1691597714" executionId="a24f1030-0c65-4783-b1b8-da3600b0ed5f" testListId="8c84fa94-04c1-424b-9868-57a2d4851a1d" />
    <TestEntry testId="65cceebb-d3c7-e353-9e46-ee91ee3ec831" executionId="cbcaf04d-4154-47f1-88ba-4df4e6011711" testListId="8c84fa94-04c1-424b-9868-57a2d4851a1d" />
    <TestEntry testId="1a3a73ba-843f-cf9e-b169-6cfe53309603" executionId="e34f6bc4-4c19-4b95-895f-615eeb8a6d8d" testListId="8c84fa94-04c1-424b-9868-57a2d4851a1d" />
    <TestEntry testId="8a789a73-308e-d975-baf5-f0e916cf99f2" executionId="6f786e31-d20a-4b35-8dde-cda5c47a0fc5" testListId="8c84fa94-04c1-424b-9868-57a2d4851a1d" />
    <TestEntry testId="37754a0d-4b89-6bc0-6709-95744e900a47" executionId="9df6ddac-d216-49f1-a422-8ad08d575b4d" testListId="8c84fa94-04c1-424b-9868-57a2d4851a1d" />
    <TestEntry testId="f16cb45e-42ed-e444-f390-355b251c7ee4" executionId="f54fad97-68c0-4f09-9779-8b815cd90222" testListId="8c84fa94-04c1-424b-9868-57a2d4851a1d" />
    <TestEntry testId="7456852b-4238-e035-a78d-2b6a06b9ccd5" executionId="7ec47ee8-5625-4bdb-9fd9-632f274e3951" testListId="8c84fa94-04c1-424b-9868-57a2d4851a1d" />
    <TestEntry testId="6695035d-fac7-ab29-60db-0fe995148af5" executionId="daadcf42-eb51-457e-a4b5-e0b034e9b035" testListId="8c84fa94-04c1-424b-9868-57a2d4851a1d" />
  </TestEntries>
  <TestLists>
    <TestList name="Results Not in a List" id="8c84fa94-04c1-424b-9868-57a2d4851a1d" />
    <TestList name="All Loaded Results" id="19431567-8539-422a-85d7-44ee4e166bda" />
  </TestLists>
  <ResultSummary outcome="Completed">
    <Counters total="31" executed="31" passed="31" failed="0" error="0" timeout="0" aborted="0" inconclusive="0" passedButRunAborted="0" notRunnable="0" notExecuted="0" disconnected="0" warning="0" completed="0" inProgress="0" pending="0" />
    <Output>
      <StdOut>[xUnit.net 00:00:00.00] xUnit.net VSTest Adapter v2.5.7+8f2703126a (64-bit .NET 8.0.15)&#xD;
[xUnit.net 00:00:00.20]   Discovering: ProductService.Tests&#xD;
[xUnit.net 00:00:00.31]   Discovered:  ProductService.Tests&#xD;
[xUnit.net 00:00:00.31]   Starting:    ProductService.Tests&#xD;
[xUnit.net 00:00:00.59]   Finished:    ProductService.Tests&#xD;
</StdOut>
    </Output>
  </ResultSummary>
</TestRun>